<?xml version="1.0" encoding="UTF-8"?>
<!-- Generated by org.testng.reporters.JUnitReportReporter -->
<testsuite skipped="0" hostname="LAPTOP-8PV5OBQH" name="runner.run" tests="1" failures="0" timestamp="2022-01-21T12:11:54 IST" time="65.240" errors="0">
  <testcase name="runScenario" time="65.240" classname="runner.run"/>
  <system-out/>
</testsuite> <!-- runner.run -->
