<?xml version="1.0" encoding="UTF-8"?>
<!-- Generated by org.testng.reporters.JUnitReportReporter -->
<testsuite skipped="0" hostname="LAPTOP-8PV5OBQH" name="tests.login" tests="1" failures="0" timestamp="2022-01-21T12:26:36 IST" time="21.783" errors="0">
  <testcase name="login" time="21.783" classname="tests.login"/>
  <system-out/>
</testsuite> <!-- tests.login -->
